[20-Feb-2020 17:45:53 UTC] Enabled PHP logging
[20-Feb-2020 17:45:54 UTC] Enabled PHP logging
[20-Feb-2020 17:45:54 UTC] Enabled PHP logging
[20-Feb-2020 18:04:23 UTC] Enabled PHP logging
[20-Feb-2020 18:04:23 UTC] Enabled PHP logging
Logger:         	MadelineProto
Logger:         	Copyright (C) 2016-2019 Daniil Gentili
Logger:         	Licensed under AGPLv3
Logger:         	https://github.com/danog/MadelineProto
API:            	Waiting for shared lock of serialization lockfile...
API:            	Shared lock acquired, deserializing...
[20-Feb-2020 18:04:23 UTC] Enabled PHP logging
[20-Feb-2020 18:04:23 UTC] Enabled PHP logging
API:            	MadelineProto is ready!
[20-Feb-2020 18:04:35 UTC] Enabled PHP logging
[20-Feb-2020 18:04:35 UTC] Enabled PHP logging
Logger:         	MadelineProto
Logger:         	Copyright (C) 2016-2019 Daniil Gentili
Logger:         	Licensed under AGPLv3
Logger:         	https://github.com/danog/MadelineProto
API:            	Waiting for shared lock of serialization lockfile...
API:            	Shared lock acquired, deserializing...
[20-Feb-2020 18:04:35 UTC] Enabled PHP logging
[20-Feb-2020 18:04:35 UTC] Enabled PHP logging
API:            	MadelineProto is ready!
